<?xml version="1.0" encoding="UTF-8"?>
<coverage generated="1645024472058" clover="3.2.0">
  <project timestamp="1645024472058" name="All files">
    <metrics statements="16" coveredstatements="11" conditionals="4" coveredconditionals="2" methods="9" coveredmethods="7" elements="29" coveredelements="20" complexity="0" loc="16" ncloc="16" packages="4" files="5" classes="5"/>
    <package name="src">
      <metrics statements="1" coveredstatements="0" conditionals="0" coveredconditionals="0" methods="0" coveredmethods="0"/>
      <file name="app.mpx" path="/Users/didi/blackdir/mpx-template-unit-test/src/app.mpx">
        <metrics statements="1" coveredstatements="0" conditionals="0" coveredconditionals="0" methods="0" coveredmethods="0"/>
        <line num="1" count="0" type="stmt"/>
      </file>
    </package>
    <package name="src.components">
      <metrics statements="2" coveredstatements="2" conditionals="0" coveredconditionals="0" methods="0" coveredmethods="0"/>
      <file name="example.mpx" path="/Users/didi/blackdir/mpx-template-unit-test/src/components/example.mpx">
        <metrics statements="1" coveredstatements="1" conditionals="0" coveredconditionals="0" methods="0" coveredmethods="0"/>
        <line num="1" count="1" type="stmt"/>
      </file>
      <file name="list.mpx" path="/Users/didi/blackdir/mpx-template-unit-test/src/components/list.mpx">
        <metrics statements="1" coveredstatements="1" conditionals="0" coveredconditionals="0" methods="0" coveredmethods="0"/>
        <line num="1" count="1" type="stmt"/>
      </file>
    </package>
    <package name="src.pages">
      <metrics statements="1" coveredstatements="0" conditionals="0" coveredconditionals="0" methods="0" coveredmethods="0"/>
      <file name="index.mpx" path="/Users/didi/blackdir/mpx-template-unit-test/src/pages/index.mpx">
        <metrics statements="1" coveredstatements="0" conditionals="0" coveredconditionals="0" methods="0" coveredmethods="0"/>
        <line num="1" count="0" type="stmt"/>
      </file>
    </package>
    <package name="src.store">
      <metrics statements="12" coveredstatements="9" conditionals="4" coveredconditionals="2" methods="9" coveredmethods="7"/>
      <file name="index.js" path="/Users/didi/blackdir/mpx-template-unit-test/src/store/index.js">
        <metrics statements="12" coveredstatements="9" conditionals="4" coveredconditionals="2" methods="9" coveredmethods="7"/>
        <line num="3" count="1" type="stmt"/>
        <line num="11" count="1" type="stmt"/>
        <line num="14" count="12" type="stmt"/>
        <line num="19" count="12" type="stmt"/>
        <line num="20" count="12" type="stmt"/>
        <line num="22" count="12" type="cond" truecount="2" falsecount="2"/>
        <line num="23" count="12" type="stmt"/>
        <line num="26" count="0" type="stmt"/>
        <line num="30" count="0" type="stmt"/>
        <line num="34" count="12" type="stmt"/>
        <line num="37" count="12" type="stmt"/>
        <line num="39" count="0" type="stmt"/>
      </file>
    </package>
  </project>
</coverage>
