{"/Users/didi/blackdir/mpx-template-unit-test/src/app.mpx": {"path":"/Users/didi/blackdir/mpx-template-unit-test/src/app.mpx","statementMap":{"0":{"start":{"line":1,"column":0},"end":{"line":1,"column":2423}}},"fnMap":{},"branchMap":{},"s":{"0":0},"f":{},"b":{}}
,"/Users/didi/blackdir/mpx-template-unit-test/src/components/example.mpx": {"path":"/Users/didi/blackdir/mpx-template-unit-test/src/components/example.mpx","statementMap":{"0":{"start":{"line":1,"column":0},"end":{"line":1,"column":4809}}},"fnMap":{},"branchMap":{},"s":{"0":1},"f":{},"b":{},"_coverageSchema":"1a1c01bbd47fc00a2c39e90264f33305004495a9","hash":"0e828c7e805fe0ae808cdf273355b3437e837795"}
,"/Users/didi/blackdir/mpx-template-unit-test/src/components/list.mpx": {"path":"/Users/didi/blackdir/mpx-template-unit-test/src/components/list.mpx","statementMap":{"0":{"start":{"line":1,"column":0},"end":{"line":1,"column":2221}}},"fnMap":{},"branchMap":{},"s":{"0":1},"f":{},"b":{},"_coverageSchema":"1a1c01bbd47fc00a2c39e90264f33305004495a9","hash":"3a2ed3a8422fcd5225e7b882ddaf95a87fa967ba"}
,"/Users/didi/blackdir/mpx-template-unit-test/src/pages/index.mpx": {"path":"/Users/didi/blackdir/mpx-template-unit-test/src/pages/index.mpx","statementMap":{"0":{"start":{"line":1,"column":0},"end":{"line":1,"column":970}}},"fnMap":{},"branchMap":{},"s":{"0":0},"f":{},"b":{}}
,"/Users/didi/blackdir/mpx-template-unit-test/src/store/index.js": {"path":"/Users/didi/blackdir/mpx-template-unit-test/src/store/index.js","statementMap":{"0":{"start":{"line":3,"column":14},"end":{"line":43,"column":2}},"1":{"start":{"line":11,"column":6},"end":{"line":11,"column":34}},"2":{"start":{"line":14,"column":6},"end":{"line":14,"column":30}},"3":{"start":{"line":19,"column":6},"end":{"line":31,"column":8}},"4":{"start":{"line":20,"column":8},"end":{"line":20,"column":18}},"5":{"start":{"line":22,"column":8},"end":{"line":27,"column":9}},"6":{"start":{"line":23,"column":10},"end":{"line":23,"column":37}},"7":{"start":{"line":26,"column":10},"end":{"line":26,"column":36}},"8":{"start":{"line":30,"column":8},"end":{"line":30,"column":32}},"9":{"start":{"line":34,"column":6},"end":{"line":40,"column":8}},"10":{"start":{"line":37,"column":8},"end":{"line":37,"column":39}},"11":{"start":{"line":39,"column":8},"end":{"line":39,"column":58}}},"fnMap":{"0":{"name":"(anonymous_0)","decl":{"start":{"line":10,"column":4},"end":{"line":10,"column":5}},"loc":{"start":{"line":10,"column":37},"end":{"line":12,"column":5}},"line":10},"1":{"name":"(anonymous_1)","decl":{"start":{"line":13,"column":4},"end":{"line":13,"column":5}},"loc":{"start":{"line":13,"column":33},"end":{"line":15,"column":5}},"line":13},"2":{"name":"(anonymous_2)","decl":{"start":{"line":18,"column":4},"end":{"line":18,"column":5}},"loc":{"start":{"line":18,"column":37},"end":{"line":32,"column":5}},"line":18},"3":{"name":"(anonymous_3)","decl":{"start":{"line":19,"column":44},"end":{"line":19,"column":45}},"loc":{"start":{"line":19,"column":53},"end":{"line":21,"column":7}},"line":19},"4":{"name":"(anonymous_4)","decl":{"start":{"line":21,"column":14},"end":{"line":21,"column":15}},"loc":{"start":{"line":21,"column":23},"end":{"line":28,"column":7}},"line":21},"5":{"name":"(anonymous_5)","decl":{"start":{"line":28,"column":15},"end":{"line":28,"column":16}},"loc":{"start":{"line":28,"column":22},"end":{"line":31,"column":7}},"line":28},"6":{"name":"(anonymous_6)","decl":{"start":{"line":33,"column":4},"end":{"line":33,"column":5}},"loc":{"start":{"line":33,"column":45},"end":{"line":41,"column":5}},"line":33},"7":{"name":"(anonymous_7)","decl":{"start":{"line":36,"column":14},"end":{"line":36,"column":15}},"loc":{"start":{"line":36,"column":21},"end":{"line":38,"column":7}},"line":36},"8":{"name":"(anonymous_8)","decl":{"start":{"line":38,"column":15},"end":{"line":38,"column":16}},"loc":{"start":{"line":38,"column":20},"end":{"line":40,"column":7}},"line":38}},"branchMap":{"0":{"loc":{"start":{"line":22,"column":8},"end":{"line":27,"column":9}},"type":"if","locations":[{"start":{"line":22,"column":8},"end":{"line":27,"column":9}},{"start":{"line":24,"column":15},"end":{"line":27,"column":9}}],"line":22},"1":{"loc":{"start":{"line":22,"column":12},"end":{"line":22,"column":55}},"type":"binary-expr","locations":[{"start":{"line":22,"column":12},"end":{"line":22,"column":28}},{"start":{"line":22,"column":32},"end":{"line":22,"column":55}}],"line":22}},"s":{"0":1,"1":1,"2":12,"3":12,"4":12,"5":12,"6":12,"7":0,"8":0,"9":12,"10":12,"11":0},"f":{"0":1,"1":12,"2":12,"3":12,"4":12,"5":0,"6":12,"7":12,"8":0},"b":{"0":[12,0],"1":[12,0]},"_coverageSchema":"1a1c01bbd47fc00a2c39e90264f33305004495a9","hash":"38cf5bbb0ed6d7b8be14e71b1d7c96f7c894f82d"}
}
