<?xml version="1.0" encoding="UTF-8"?>
<coverage generated="1645293845808" clover="3.2.0">
  <project timestamp="1645293845808" name="All files">
    <metrics statements="15" coveredstatements="11" conditionals="4" coveredconditionals="2" methods="9" coveredmethods="7" elements="28" coveredelements="20" complexity="0" loc="15" ncloc="15" packages="3" files="4" classes="4"/>
    <package name="components">
      <metrics statements="2" coveredstatements="2" conditionals="0" coveredconditionals="0" methods="0" coveredmethods="0"/>
      <file name="example.mpx" path="/Users/didi/blackdir/mpx-unit-test-demo/src/components/example.mpx">
        <metrics statements="1" coveredstatements="1" conditionals="0" coveredconditionals="0" methods="0" coveredmethods="0"/>
        <line num="1" count="1" type="stmt"/>
      </file>
      <file name="list.mpx" path="/Users/didi/blackdir/mpx-unit-test-demo/src/components/list.mpx">
        <metrics statements="1" coveredstatements="1" conditionals="0" coveredconditionals="0" methods="0" coveredmethods="0"/>
        <line num="1" count="1" type="stmt"/>
      </file>
    </package>
    <package name="pages">
      <metrics statements="1" coveredstatements="0" conditionals="0" coveredconditionals="0" methods="0" coveredmethods="0"/>
      <file name="index.mpx" path="/Users/didi/blackdir/mpx-unit-test-demo/src/pages/index.mpx">
        <metrics statements="1" coveredstatements="0" conditionals="0" coveredconditionals="0" methods="0" coveredmethods="0"/>
        <line num="1" count="0" type="stmt"/>
      </file>
    </package>
    <package name="store">
      <metrics statements="12" coveredstatements="9" conditionals="4" coveredconditionals="2" methods="9" coveredmethods="7"/>
      <file name="index.js" path="/Users/didi/blackdir/mpx-unit-test-demo/src/store/index.js">
        <metrics statements="12" coveredstatements="9" conditionals="4" coveredconditionals="2" methods="9" coveredmethods="7"/>
        <line num="3" count="1" type="stmt"/>
        <line num="11" count="1" type="stmt"/>
        <line num="14" count="12" type="stmt"/>
        <line num="19" count="12" type="stmt"/>
        <line num="20" count="12" type="stmt"/>
        <line num="22" count="12" type="cond" truecount="2" falsecount="2"/>
        <line num="23" count="12" type="stmt"/>
        <line num="26" count="0" type="stmt"/>
        <line num="30" count="0" type="stmt"/>
        <line num="34" count="12" type="stmt"/>
        <line num="37" count="12" type="stmt"/>
        <line num="39" count="0" type="stmt"/>
      </file>
    </package>
  </project>
</coverage>
