TN:
SF:src/components/example.mpx
FNF:0
FNH:0
DA:1,1
LF:1
LH:1
BRF:0
BRH:0
end_of_record
TN:
SF:src/components/list.mpx
FNF:0
FNH:0
DA:1,1
LF:1
LH:1
BRF:0
BRH:0
end_of_record
TN:
SF:src/pages/index.mpx
FNF:0
FNH:0
DA:1,0
LF:1
LH:0
BRF:0
BRH:0
end_of_record
TN:
SF:src/store/index.js
FN:10,(anonymous_0)
FN:13,(anonymous_1)
FN:18,(anonymous_2)
FN:19,(anonymous_3)
FN:21,(anonymous_4)
FN:28,(anonymous_5)
FN:33,(anonymous_6)
FN:36,(anonymous_7)
FN:38,(anonymous_8)
FNF:9
FNH:7
FNDA:1,(anonymous_0)
FNDA:12,(anonymous_1)
FNDA:12,(anonymous_2)
FNDA:12,(anonymous_3)
FNDA:12,(anonymous_4)
FNDA:0,(anonymous_5)
FNDA:12,(anonymous_6)
FNDA:12,(anonymous_7)
FNDA:0,(anonymous_8)
DA:3,1
DA:11,1
DA:14,12
DA:19,12
DA:20,12
DA:22,12
DA:23,12
DA:26,0
DA:30,0
DA:34,12
DA:37,12
DA:39,0
LF:12
LH:9
BRDA:22,0,0,12
BRDA:22,0,1,0
BRDA:22,1,0,12
BRDA:22,1,1,0
BRF:4
BRH:2
end_of_record
